<?xml version="1.0" encoding="UTF-8"?>
<!-- Generated by org.testng.reporters.JUnitReportReporter -->
<testsuite hostname="PC" name="DemoMaven.MavenDemo.AppTest" tests="1" failures="0" timestamp="24 Dec 2022 06:36:53 GMT" time="14.040" errors="0">
  <testcase name="test" time="14.040" classname="DemoMaven.MavenDemo.AppTest"/>
</testsuite> <!-- DemoMaven.MavenDemo.AppTest -->
